0 info it worked if it ends with ok
1 verbose cli [ 'C:\\Program Files\\nodejs\\node.exe',
1 verbose cli   'C:\\Program Files\\nodejs\\node_modules\\npm\\bin\\npm-cli.js',
1 verbose cli   'update' ]
2 info using npm@3.3.6
3 info using node@v5.0.0
4 silly mapToRegistry name body-parser
5 silly mapToRegistry using default registry
6 silly mapToRegistry registry https://registry.npmjs.org/
7 silly mapToRegistry uri https://registry.npmjs.org/body-parser
8 silly mapToRegistry name cors
9 silly mapToRegistry using default registry
10 silly mapToRegistry registry https://registry.npmjs.org/
11 silly mapToRegistry uri https://registry.npmjs.org/cors
12 silly mapToRegistry name ent
13 silly mapToRegistry using default registry
14 silly mapToRegistry registry https://registry.npmjs.org/
15 silly mapToRegistry uri https://registry.npmjs.org/ent
16 silly mapToRegistry name express
17 silly mapToRegistry using default registry
18 silly mapToRegistry registry https://registry.npmjs.org/
19 silly mapToRegistry uri https://registry.npmjs.org/express
20 silly mapToRegistry name express-session
21 silly mapToRegistry using default registry
22 silly mapToRegistry registry https://registry.npmjs.org/
23 silly mapToRegistry uri https://registry.npmjs.org/express-session
24 silly mapToRegistry name lodash
25 silly mapToRegistry using default registry
26 silly mapToRegistry registry https://registry.npmjs.org/
27 silly mapToRegistry uri https://registry.npmjs.org/lodash
28 silly mapToRegistry name multer
29 silly mapToRegistry using default registry
30 silly mapToRegistry registry https://registry.npmjs.org/
31 silly mapToRegistry uri https://registry.npmjs.org/multer
32 silly mapToRegistry name mysql
33 silly mapToRegistry using default registry
34 silly mapToRegistry registry https://registry.npmjs.org/
35 silly mapToRegistry uri https://registry.npmjs.org/mysql
36 silly mapToRegistry name socket.io
37 silly mapToRegistry using default registry
38 silly mapToRegistry registry https://registry.npmjs.org/
39 silly mapToRegistry uri https://registry.npmjs.org/socket.io
40 silly mapToRegistry name ursa
41 silly mapToRegistry using default registry
42 silly mapToRegistry registry https://registry.npmjs.org/
43 silly mapToRegistry uri https://registry.npmjs.org/ursa
44 verbose request uri https://registry.npmjs.org/cors
45 verbose request no auth needed
46 info attempt registry request try #1 at 18:00:06
47 verbose request id a21d9c5899d38ddb
48 verbose etag "4YKN4AWBYSHI9M4DYNI8P4SOZ"
49 http request GET https://registry.npmjs.org/cors
50 verbose request uri https://registry.npmjs.org/body-parser
51 verbose request no auth needed
52 info attempt registry request try #1 at 18:00:06
53 verbose etag "740STETV8CYU91KD8VPEM5T36"
54 http request GET https://registry.npmjs.org/body-parser
55 verbose request uri https://registry.npmjs.org/express
56 verbose request no auth needed
57 info attempt registry request try #1 at 18:00:06
58 verbose etag "CIY8EAD285MDJDDAFX40U2L5W"
59 http request GET https://registry.npmjs.org/express
60 verbose request uri https://registry.npmjs.org/ent
61 verbose request no auth needed
62 info attempt registry request try #1 at 18:00:06
63 verbose etag "4245P2FETG1VMAMPYZN8KD5I0"
64 http request GET https://registry.npmjs.org/ent
65 verbose request uri https://registry.npmjs.org/lodash
66 verbose request no auth needed
67 info attempt registry request try #1 at 18:00:06
68 verbose etag "C7CDFOKXTYG0SLT7FFLAWUF9T"
69 http request GET https://registry.npmjs.org/lodash
70 verbose request uri https://registry.npmjs.org/express-session
71 verbose request no auth needed
72 info attempt registry request try #1 at 18:00:06
73 verbose etag "1R18I2I5EE5M5MHJPOZKE0ZCD"
74 http request GET https://registry.npmjs.org/express-session
75 verbose request uri https://registry.npmjs.org/multer
76 verbose request no auth needed
77 info attempt registry request try #1 at 18:00:06
78 verbose etag "5QHQW4OK7RLV19E3JFT5NIL8A"
79 http request GET https://registry.npmjs.org/multer
80 verbose request uri https://registry.npmjs.org/ursa
81 verbose request no auth needed
82 info attempt registry request try #1 at 18:00:06
83 verbose etag "47672PQGMK0GA0MD9MLUKBL17"
84 http request GET https://registry.npmjs.org/ursa
85 verbose request uri https://registry.npmjs.org/mysql
86 verbose request no auth needed
87 info attempt registry request try #1 at 18:00:06
88 verbose etag "3M0TTOS4VKRI3EYAIB8MBQAB8"
89 http request GET https://registry.npmjs.org/mysql
90 verbose request uri https://registry.npmjs.org/socket.io
91 verbose request no auth needed
92 info attempt registry request try #1 at 18:00:06
93 verbose etag "8STIZ46KAN4NCDCIXFL5XXNE8"
94 http request GET https://registry.npmjs.org/socket.io
95 http 304 https://registry.npmjs.org/body-parser
96 verbose headers { date: 'Mon, 22 Feb 2016 17:00:10 GMT',
96 verbose headers   via: '1.1 varnish',
96 verbose headers   'cache-control': 'max-age=300',
96 verbose headers   etag: '"740STETV8CYU91KD8VPEM5T36"',
96 verbose headers   age: '272',
96 verbose headers   connection: 'keep-alive',
96 verbose headers   'x-served-by': 'cache-fra1245-FRA',
96 verbose headers   'x-cache': 'HIT',
96 verbose headers   'x-cache-hits': '6',
96 verbose headers   'x-timer': 'S1456160410.068879,VS0,VE0',
96 verbose headers   vary: 'Accept' }
97 silly get cb [ 304,
97 silly get   { date: 'Mon, 22 Feb 2016 17:00:10 GMT',
97 silly get     via: '1.1 varnish',
97 silly get     'cache-control': 'max-age=300',
97 silly get     etag: '"740STETV8CYU91KD8VPEM5T36"',
97 silly get     age: '272',
97 silly get     connection: 'keep-alive',
97 silly get     'x-served-by': 'cache-fra1245-FRA',
97 silly get     'x-cache': 'HIT',
97 silly get     'x-cache-hits': '6',
97 silly get     'x-timer': 'S1456160410.068879,VS0,VE0',
97 silly get     vary: 'Accept' } ]
98 verbose etag https://registry.npmjs.org/body-parser from cache
99 verbose get saving body-parser to C:\Users\Olivier\AppData\Roaming\npm-cache\registry.npmjs.org\body-parser\.cache.json
100 http 304 https://registry.npmjs.org/cors
101 verbose headers { date: 'Mon, 22 Feb 2016 17:00:10 GMT',
101 verbose headers   via: '1.1 varnish',
101 verbose headers   'cache-control': 'max-age=300',
101 verbose headers   etag: '"4YKN4AWBYSHI9M4DYNI8P4SOZ"',
101 verbose headers   age: '83',
101 verbose headers   connection: 'keep-alive',
101 verbose headers   'x-served-by': 'cache-fra1232-FRA',
101 verbose headers   'x-cache': 'HIT',
101 verbose headers   'x-cache-hits': '2',
101 verbose headers   'x-timer': 'S1456160410.072484,VS0,VE0',
101 verbose headers   vary: 'Accept' }
102 silly get cb [ 304,
102 silly get   { date: 'Mon, 22 Feb 2016 17:00:10 GMT',
102 silly get     via: '1.1 varnish',
102 silly get     'cache-control': 'max-age=300',
102 silly get     etag: '"4YKN4AWBYSHI9M4DYNI8P4SOZ"',
102 silly get     age: '83',
102 silly get     connection: 'keep-alive',
102 silly get     'x-served-by': 'cache-fra1232-FRA',
102 silly get     'x-cache': 'HIT',
102 silly get     'x-cache-hits': '2',
102 silly get     'x-timer': 'S1456160410.072484,VS0,VE0',
102 silly get     vary: 'Accept' } ]
103 verbose etag https://registry.npmjs.org/cors from cache
104 verbose get saving cors to C:\Users\Olivier\AppData\Roaming\npm-cache\registry.npmjs.org\cors\.cache.json
105 http 304 https://registry.npmjs.org/express
106 verbose headers { date: 'Mon, 22 Feb 2016 17:00:10 GMT',
106 verbose headers   via: '1.1 varnish',
106 verbose headers   'cache-control': 'max-age=300',
106 verbose headers   etag: '"CIY8EAD285MDJDDAFX40U2L5W"',
106 verbose headers   age: '254',
106 verbose headers   connection: 'keep-alive',
106 verbose headers   'x-served-by': 'cache-fra1226-FRA',
106 verbose headers   'x-cache': 'HIT',
106 verbose headers   'x-cache-hits': '4',
106 verbose headers   'x-timer': 'S1456160410.079108,VS0,VE0',
106 verbose headers   vary: 'Accept' }
107 silly get cb [ 304,
107 silly get   { date: 'Mon, 22 Feb 2016 17:00:10 GMT',
107 silly get     via: '1.1 varnish',
107 silly get     'cache-control': 'max-age=300',
107 silly get     etag: '"CIY8EAD285MDJDDAFX40U2L5W"',
107 silly get     age: '254',
107 silly get     connection: 'keep-alive',
107 silly get     'x-served-by': 'cache-fra1226-FRA',
107 silly get     'x-cache': 'HIT',
107 silly get     'x-cache-hits': '4',
107 silly get     'x-timer': 'S1456160410.079108,VS0,VE0',
107 silly get     vary: 'Accept' } ]
108 verbose etag https://registry.npmjs.org/express from cache
109 verbose get saving express to C:\Users\Olivier\AppData\Roaming\npm-cache\registry.npmjs.org\express\.cache.json
110 http 304 https://registry.npmjs.org/multer
111 verbose headers { date: 'Mon, 22 Feb 2016 17:00:10 GMT',
111 verbose headers   via: '1.1 varnish',
111 verbose headers   'cache-control': 'max-age=300',
111 verbose headers   etag: '"5QHQW4OK7RLV19E3JFT5NIL8A"',
111 verbose headers   age: '105',
111 verbose headers   connection: 'keep-alive',
111 verbose headers   'x-served-by': 'cache-fra1242-FRA',
111 verbose headers   'x-cache': 'HIT',
111 verbose headers   'x-cache-hits': '1',
111 verbose headers   'x-timer': 'S1456160410.084589,VS0,VE0',
111 verbose headers   vary: 'Accept' }
112 silly get cb [ 304,
112 silly get   { date: 'Mon, 22 Feb 2016 17:00:10 GMT',
112 silly get     via: '1.1 varnish',
112 silly get     'cache-control': 'max-age=300',
112 silly get     etag: '"5QHQW4OK7RLV19E3JFT5NIL8A"',
112 silly get     age: '105',
112 silly get     connection: 'keep-alive',
112 silly get     'x-served-by': 'cache-fra1242-FRA',
112 silly get     'x-cache': 'HIT',
112 silly get     'x-cache-hits': '1',
112 silly get     'x-timer': 'S1456160410.084589,VS0,VE0',
112 silly get     vary: 'Accept' } ]
113 verbose etag https://registry.npmjs.org/multer from cache
114 verbose get saving multer to C:\Users\Olivier\AppData\Roaming\npm-cache\registry.npmjs.org\multer\.cache.json
115 http 304 https://registry.npmjs.org/lodash
116 verbose headers { date: 'Mon, 22 Feb 2016 17:00:10 GMT',
116 verbose headers   via: '1.1 varnish',
116 verbose headers   'cache-control': 'max-age=300',
116 verbose headers   etag: '"C7CDFOKXTYG0SLT7FFLAWUF9T"',
116 verbose headers   age: '72',
116 verbose headers   connection: 'keep-alive',
116 verbose headers   'x-served-by': 'cache-fra1238-FRA',
116 verbose headers   'x-cache': 'HIT',
116 verbose headers   'x-cache-hits': '9',
116 verbose headers   'x-timer': 'S1456160410.086165,VS0,VE0',
116 verbose headers   vary: 'Accept' }
117 silly get cb [ 304,
117 silly get   { date: 'Mon, 22 Feb 2016 17:00:10 GMT',
117 silly get     via: '1.1 varnish',
117 silly get     'cache-control': 'max-age=300',
117 silly get     etag: '"C7CDFOKXTYG0SLT7FFLAWUF9T"',
117 silly get     age: '72',
117 silly get     connection: 'keep-alive',
117 silly get     'x-served-by': 'cache-fra1238-FRA',
117 silly get     'x-cache': 'HIT',
117 silly get     'x-cache-hits': '9',
117 silly get     'x-timer': 'S1456160410.086165,VS0,VE0',
117 silly get     vary: 'Accept' } ]
118 verbose etag https://registry.npmjs.org/lodash from cache
119 verbose get saving lodash to C:\Users\Olivier\AppData\Roaming\npm-cache\registry.npmjs.org\lodash\.cache.json
120 http 304 https://registry.npmjs.org/express-session
121 verbose headers { date: 'Mon, 22 Feb 2016 17:00:10 GMT',
121 verbose headers   via: '1.1 varnish',
121 verbose headers   'cache-control': 'max-age=300',
121 verbose headers   etag: '"1R18I2I5EE5M5MHJPOZKE0ZCD"',
121 verbose headers   age: '24',
121 verbose headers   connection: 'keep-alive',
121 verbose headers   'x-served-by': 'cache-fra1244-FRA',
121 verbose headers   'x-cache': 'HIT',
121 verbose headers   'x-cache-hits': '2',
121 verbose headers   'x-timer': 'S1456160410.094833,VS0,VE0',
121 verbose headers   vary: 'Accept' }
122 silly get cb [ 304,
122 silly get   { date: 'Mon, 22 Feb 2016 17:00:10 GMT',
122 silly get     via: '1.1 varnish',
122 silly get     'cache-control': 'max-age=300',
122 silly get     etag: '"1R18I2I5EE5M5MHJPOZKE0ZCD"',
122 silly get     age: '24',
122 silly get     connection: 'keep-alive',
122 silly get     'x-served-by': 'cache-fra1244-FRA',
122 silly get     'x-cache': 'HIT',
122 silly get     'x-cache-hits': '2',
122 silly get     'x-timer': 'S1456160410.094833,VS0,VE0',
122 silly get     vary: 'Accept' } ]
123 verbose etag https://registry.npmjs.org/express-session from cache
124 verbose get saving express-session to C:\Users\Olivier\AppData\Roaming\npm-cache\registry.npmjs.org\express-session\.cache.json
125 http 304 https://registry.npmjs.org/ent
126 verbose headers { date: 'Mon, 22 Feb 2016 17:00:10 GMT',
126 verbose headers   via: '1.1 varnish',
126 verbose headers   'cache-control': 'max-age=300',
126 verbose headers   etag: '"4245P2FETG1VMAMPYZN8KD5I0"',
126 verbose headers   age: '0',
126 verbose headers   connection: 'keep-alive',
126 verbose headers   'x-served-by': 'cache-fra1229-FRA',
126 verbose headers   'x-cache': 'HIT',
126 verbose headers   'x-cache-hits': '1',
126 verbose headers   'x-timer': 'S1456160410.077090,VS0,VE193',
126 verbose headers   vary: 'Accept' }
127 silly get cb [ 304,
127 silly get   { date: 'Mon, 22 Feb 2016 17:00:10 GMT',
127 silly get     via: '1.1 varnish',
127 silly get     'cache-control': 'max-age=300',
127 silly get     etag: '"4245P2FETG1VMAMPYZN8KD5I0"',
127 silly get     age: '0',
127 silly get     connection: 'keep-alive',
127 silly get     'x-served-by': 'cache-fra1229-FRA',
127 silly get     'x-cache': 'HIT',
127 silly get     'x-cache-hits': '1',
127 silly get     'x-timer': 'S1456160410.077090,VS0,VE193',
127 silly get     vary: 'Accept' } ]
128 verbose etag https://registry.npmjs.org/ent from cache
129 verbose get saving ent to C:\Users\Olivier\AppData\Roaming\npm-cache\registry.npmjs.org\ent\.cache.json
130 http 304 https://registry.npmjs.org/socket.io
131 verbose headers { date: 'Mon, 22 Feb 2016 17:00:10 GMT',
131 verbose headers   via: '1.1 varnish',
131 verbose headers   'cache-control': 'max-age=300',
131 verbose headers   etag: '"8STIZ46KAN4NCDCIXFL5XXNE8"',
131 verbose headers   age: '166',
131 verbose headers   connection: 'keep-alive',
131 verbose headers   'x-served-by': 'cache-fra1220-FRA',
131 verbose headers   'x-cache': 'HIT',
131 verbose headers   'x-cache-hits': '4',
131 verbose headers   'x-timer': 'S1456160410.381633,VS0,VE0',
131 verbose headers   vary: 'Accept' }
132 silly get cb [ 304,
132 silly get   { date: 'Mon, 22 Feb 2016 17:00:10 GMT',
132 silly get     via: '1.1 varnish',
132 silly get     'cache-control': 'max-age=300',
132 silly get     etag: '"8STIZ46KAN4NCDCIXFL5XXNE8"',
132 silly get     age: '166',
132 silly get     connection: 'keep-alive',
132 silly get     'x-served-by': 'cache-fra1220-FRA',
132 silly get     'x-cache': 'HIT',
132 silly get     'x-cache-hits': '4',
132 silly get     'x-timer': 'S1456160410.381633,VS0,VE0',
132 silly get     vary: 'Accept' } ]
133 verbose etag https://registry.npmjs.org/socket.io from cache
134 verbose get saving socket.io to C:\Users\Olivier\AppData\Roaming\npm-cache\registry.npmjs.org\socket.io\.cache.json
135 http 304 https://registry.npmjs.org/mysql
136 verbose headers { date: 'Mon, 22 Feb 2016 17:00:10 GMT',
136 verbose headers   via: '1.1 varnish',
136 verbose headers   'cache-control': 'max-age=300',
136 verbose headers   etag: '"3M0TTOS4VKRI3EYAIB8MBQAB8"',
136 verbose headers   age: '37',
136 verbose headers   connection: 'keep-alive',
136 verbose headers   'x-served-by': 'cache-fra1242-FRA',
136 verbose headers   'x-cache': 'HIT',
136 verbose headers   'x-cache-hits': '1',
136 verbose headers   'x-timer': 'S1456160410.463900,VS0,VE0',
136 verbose headers   vary: 'Accept' }
137 silly get cb [ 304,
137 silly get   { date: 'Mon, 22 Feb 2016 17:00:10 GMT',
137 silly get     via: '1.1 varnish',
137 silly get     'cache-control': 'max-age=300',
137 silly get     etag: '"3M0TTOS4VKRI3EYAIB8MBQAB8"',
137 silly get     age: '37',
137 silly get     connection: 'keep-alive',
137 silly get     'x-served-by': 'cache-fra1242-FRA',
137 silly get     'x-cache': 'HIT',
137 silly get     'x-cache-hits': '1',
137 silly get     'x-timer': 'S1456160410.463900,VS0,VE0',
137 silly get     vary: 'Accept' } ]
138 verbose etag https://registry.npmjs.org/mysql from cache
139 verbose get saving mysql to C:\Users\Olivier\AppData\Roaming\npm-cache\registry.npmjs.org\mysql\.cache.json
140 http 304 https://registry.npmjs.org/ursa
141 verbose headers { date: 'Mon, 22 Feb 2016 17:00:10 GMT',
141 verbose headers   via: '1.1 varnish',
141 verbose headers   'cache-control': 'max-age=300',
141 verbose headers   etag: '"47672PQGMK0GA0MD9MLUKBL17"',
141 verbose headers   age: '0',
141 verbose headers   connection: 'keep-alive',
141 verbose headers   'x-served-by': 'cache-fra1245-FRA',
141 verbose headers   'x-cache': 'HIT',
141 verbose headers   'x-cache-hits': '1',
141 verbose headers   'x-timer': 'S1456160410.092836,VS0,VE399',
141 verbose headers   vary: 'Accept' }
142 silly get cb [ 304,
142 silly get   { date: 'Mon, 22 Feb 2016 17:00:10 GMT',
142 silly get     via: '1.1 varnish',
142 silly get     'cache-control': 'max-age=300',
142 silly get     etag: '"47672PQGMK0GA0MD9MLUKBL17"',
142 silly get     age: '0',
142 silly get     connection: 'keep-alive',
142 silly get     'x-served-by': 'cache-fra1245-FRA',
142 silly get     'x-cache': 'HIT',
142 silly get     'x-cache-hits': '1',
142 silly get     'x-timer': 'S1456160410.092836,VS0,VE399',
142 silly get     vary: 'Accept' } ]
143 verbose etag https://registry.npmjs.org/ursa from cache
144 verbose get saving ursa to C:\Users\Olivier\AppData\Roaming\npm-cache\registry.npmjs.org\ursa\.cache.json
145 verbose outdated not updating body-parser because it's currently at the maximum version that matches its specified semver range
146 verbose outdated not updating lodash because it's currently at the maximum version that matches its specified semver range
147 info outdated updating [ { dep:
147 info outdated      { package: [Object],
147 info outdated        path: 'D:\\node\\nameless',
147 info outdated        parent: [Object],
147 info outdated        isMissing: true },
147 info outdated     depname: 'ursa',
147 info outdated     current: undefined,
147 info outdated     wanted: '0.9.1',
147 info outdated     latest: '0.9.1',
147 info outdated     req: '~0.9.1',
147 info outdated     what: 'ursa@0.9.1' } ]
148 silly loadCurrentTree Starting
149 silly install loadCurrentTree
150 silly install readLocalPackageData
151 silly fetchPackageMetaData ursa@0.9.1
152 silly fetchNamedPackageData ursa
153 silly mapToRegistry name ursa
154 silly mapToRegistry using default registry
155 silly mapToRegistry registry https://registry.npmjs.org/
156 silly mapToRegistry uri https://registry.npmjs.org/ursa
157 verbose get https://registry.npmjs.org/ursa not expired, no request
158 silly install normalizeTree
159 silly loadCurrentTree Finishing
160 silly loadIdealTree Starting
161 silly install loadIdealTree
162 silly cloneCurrentTree Starting
163 silly install cloneCurrentTreeToIdealTree
164 silly cloneCurrentTree Finishing
165 silly loadShrinkwrap Starting
166 silly install loadShrinkwrap
167 silly loadShrinkwrap Finishing
168 silly loadAllDepsIntoIdealTree Starting
169 silly install loadAllDepsIntoIdealTree
170 silly resolveWithNewModule ursa@0.9.1 checking installable status
171 silly cache add args [ 'ursa@0.9.1', null ]
172 verbose cache add spec ursa@0.9.1
173 silly cache add parsed spec Result {
173 silly cache add   raw: 'ursa@0.9.1',
173 silly cache add   scope: null,
173 silly cache add   name: 'ursa',
173 silly cache add   rawSpec: '0.9.1',
173 silly cache add   spec: '0.9.1',
173 silly cache add   type: 'version' }
174 silly addNamed ursa@0.9.1
175 verbose addNamed "0.9.1" is a plain semver version for ursa
176 silly mapToRegistry name ursa
177 silly mapToRegistry using default registry
178 silly mapToRegistry registry https://registry.npmjs.org/
179 silly mapToRegistry uri https://registry.npmjs.org/ursa
180 verbose addNameVersion registry:https://registry.npmjs.org/ursa not in flight; fetching
181 verbose get https://registry.npmjs.org/ursa not expired, no request
182 silly cache afterAdd ursa@0.9.1
183 verbose afterAdd C:\Users\Olivier\AppData\Roaming\npm-cache\ursa\0.9.1\package\package.json not in flight; writing
184 verbose afterAdd C:\Users\Olivier\AppData\Roaming\npm-cache\ursa\0.9.1\package\package.json written
185 silly fetchNamedPackageData bindings
186 silly mapToRegistry name bindings
187 silly mapToRegistry using default registry
188 silly mapToRegistry registry https://registry.npmjs.org/
189 silly mapToRegistry uri https://registry.npmjs.org/bindings
190 silly fetchNamedPackageData nan
191 silly mapToRegistry name nan
192 silly mapToRegistry using default registry
193 silly mapToRegistry registry https://registry.npmjs.org/
194 silly mapToRegistry uri https://registry.npmjs.org/nan
195 verbose request uri https://registry.npmjs.org/bindings
196 verbose request no auth needed
197 info attempt registry request try #1 at 18:00:08
198 verbose etag "1LLBF9OH58DLBEL4629U6032D"
199 http request GET https://registry.npmjs.org/bindings
200 verbose request uri https://registry.npmjs.org/nan
201 verbose request no auth needed
202 info attempt registry request try #1 at 18:00:08
203 verbose etag "7Y2U1A5TWU1O0YTKGMD4FB8ZN"
204 http request GET https://registry.npmjs.org/nan
205 http 304 https://registry.npmjs.org/bindings
206 verbose headers { date: 'Mon, 22 Feb 2016 17:00:11 GMT',
206 verbose headers   via: '1.1 varnish',
206 verbose headers   'cache-control': 'max-age=300',
206 verbose headers   etag: '"1LLBF9OH58DLBEL4629U6032D"',
206 verbose headers   age: '185',
206 verbose headers   connection: 'keep-alive',
206 verbose headers   'x-served-by': 'cache-fra1229-FRA',
206 verbose headers   'x-cache': 'HIT',
206 verbose headers   'x-cache-hits': '3',
206 verbose headers   'x-timer': 'S1456160411.310849,VS0,VE0',
206 verbose headers   vary: 'Accept' }
207 silly get cb [ 304,
207 silly get   { date: 'Mon, 22 Feb 2016 17:00:11 GMT',
207 silly get     via: '1.1 varnish',
207 silly get     'cache-control': 'max-age=300',
207 silly get     etag: '"1LLBF9OH58DLBEL4629U6032D"',
207 silly get     age: '185',
207 silly get     connection: 'keep-alive',
207 silly get     'x-served-by': 'cache-fra1229-FRA',
207 silly get     'x-cache': 'HIT',
207 silly get     'x-cache-hits': '3',
207 silly get     'x-timer': 'S1456160411.310849,VS0,VE0',
207 silly get     vary: 'Accept' } ]
208 verbose etag https://registry.npmjs.org/bindings from cache
209 verbose get saving bindings to C:\Users\Olivier\AppData\Roaming\npm-cache\registry.npmjs.org\bindings\.cache.json
210 silly resolveWithNewModule bindings@1.2.1 checking installable status
211 silly cache add args [ 'bindings@^1.2.1', null ]
212 verbose cache add spec bindings@^1.2.1
213 silly cache add parsed spec Result {
213 silly cache add   raw: 'bindings@^1.2.1',
213 silly cache add   scope: null,
213 silly cache add   name: 'bindings',
213 silly cache add   rawSpec: '^1.2.1',
213 silly cache add   spec: '>=1.2.1 <2.0.0',
213 silly cache add   type: 'range' }
214 silly addNamed bindings@>=1.2.1 <2.0.0
215 verbose addNamed ">=1.2.1 <2.0.0" is a valid semver range for bindings
216 silly addNameRange { name: 'bindings', range: '>=1.2.1 <2.0.0', hasData: false }
217 silly mapToRegistry name bindings
218 silly mapToRegistry using default registry
219 silly mapToRegistry registry https://registry.npmjs.org/
220 silly mapToRegistry uri https://registry.npmjs.org/bindings
221 verbose addNameRange registry:https://registry.npmjs.org/bindings not in flight; fetching
222 http 304 https://registry.npmjs.org/nan
223 verbose headers { date: 'Mon, 22 Feb 2016 17:00:11 GMT',
223 verbose headers   via: '1.1 varnish',
223 verbose headers   'cache-control': 'max-age=300',
223 verbose headers   etag: '"7Y2U1A5TWU1O0YTKGMD4FB8ZN"',
223 verbose headers   age: '286',
223 verbose headers   connection: 'keep-alive',
223 verbose headers   'x-served-by': 'cache-fra1223-FRA',
223 verbose headers   'x-cache': 'HIT',
223 verbose headers   'x-cache-hits': '12',
223 verbose headers   'x-timer': 'S1456160411.318163,VS0,VE0',
223 verbose headers   vary: 'Accept' }
224 silly get cb [ 304,
224 silly get   { date: 'Mon, 22 Feb 2016 17:00:11 GMT',
224 silly get     via: '1.1 varnish',
224 silly get     'cache-control': 'max-age=300',
224 silly get     etag: '"7Y2U1A5TWU1O0YTKGMD4FB8ZN"',
224 silly get     age: '286',
224 silly get     connection: 'keep-alive',
224 silly get     'x-served-by': 'cache-fra1223-FRA',
224 silly get     'x-cache': 'HIT',
224 silly get     'x-cache-hits': '12',
224 silly get     'x-timer': 'S1456160411.318163,VS0,VE0',
224 silly get     vary: 'Accept' } ]
225 verbose etag https://registry.npmjs.org/nan from cache
226 verbose get saving nan to C:\Users\Olivier\AppData\Roaming\npm-cache\registry.npmjs.org\nan\.cache.json
227 verbose get https://registry.npmjs.org/bindings not expired, no request
228 silly addNameRange number 2 { name: 'bindings', range: '>=1.2.1 <2.0.0', hasData: true }
229 silly addNameRange versions [ 'bindings',
229 silly addNameRange   [ '0.0.1',
229 silly addNameRange     '0.1.0',
229 silly addNameRange     '0.1.1',
229 silly addNameRange     '0.2.0',
229 silly addNameRange     '0.2.1',
229 silly addNameRange     '0.2.2',
229 silly addNameRange     '0.2.3',
229 silly addNameRange     '0.2.4',
229 silly addNameRange     '0.3.0',
229 silly addNameRange     '0.4.0',
229 silly addNameRange     '1.0.0',
229 silly addNameRange     '1.1.0',
229 silly addNameRange     '1.1.1',
229 silly addNameRange     '1.2.0',
229 silly addNameRange     '1.2.1' ] ]
230 silly addNamed bindings@1.2.1
231 verbose addNamed "1.2.1" is a plain semver version for bindings
232 silly cache afterAdd bindings@1.2.1
233 verbose afterAdd C:\Users\Olivier\AppData\Roaming\npm-cache\bindings\1.2.1\package\package.json not in flight; writing
234 verbose afterAdd C:\Users\Olivier\AppData\Roaming\npm-cache\bindings\1.2.1\package\package.json written
235 silly resolveWithNewModule nan@2.2.0 checking installable status
236 silly cache add args [ 'nan@^2.0.9', null ]
237 verbose cache add spec nan@^2.0.9
238 silly cache add parsed spec Result {
238 silly cache add   raw: 'nan@^2.0.9',
238 silly cache add   scope: null,
238 silly cache add   name: 'nan',
238 silly cache add   rawSpec: '^2.0.9',
238 silly cache add   spec: '>=2.0.9 <3.0.0',
238 silly cache add   type: 'range' }
239 silly addNamed nan@>=2.0.9 <3.0.0
240 verbose addNamed ">=2.0.9 <3.0.0" is a valid semver range for nan
241 silly addNameRange { name: 'nan', range: '>=2.0.9 <3.0.0', hasData: false }
242 silly mapToRegistry name nan
243 silly mapToRegistry using default registry
244 silly mapToRegistry registry https://registry.npmjs.org/
245 silly mapToRegistry uri https://registry.npmjs.org/nan
246 verbose addNameRange registry:https://registry.npmjs.org/nan not in flight; fetching
247 verbose get https://registry.npmjs.org/nan not expired, no request
248 silly addNameRange number 2 { name: 'nan', range: '>=2.0.9 <3.0.0', hasData: true }
249 silly addNameRange versions [ 'nan',
249 silly addNameRange   [ '0.3.0-wip',
249 silly addNameRange     '0.3.0-wip2',
249 silly addNameRange     '0.3.0',
249 silly addNameRange     '0.3.1',
249 silly addNameRange     '0.3.2',
249 silly addNameRange     '0.4.0',
249 silly addNameRange     '0.4.1',
249 silly addNameRange     '0.4.2',
249 silly addNameRange     '0.4.3',
249 silly addNameRange     '0.4.4',
249 silly addNameRange     '0.5.0',
249 silly addNameRange     '0.5.1',
249 silly addNameRange     '0.5.2',
249 silly addNameRange     '0.6.0',
249 silly addNameRange     '0.7.0',
249 silly addNameRange     '0.7.1',
249 silly addNameRange     '0.8.0',
249 silly addNameRange     '1.0.0',
249 silly addNameRange     '1.1.0',
249 silly addNameRange     '1.1.1',
249 silly addNameRange     '1.1.2',
249 silly addNameRange     '1.2.0',
249 silly addNameRange     '1.3.0',
249 silly addNameRange     '1.4.0',
249 silly addNameRange     '1.4.1',
249 silly addNameRange     '1.5.0',
249 silly addNameRange     '1.4.2',
249 silly addNameRange     '1.4.3',
249 silly addNameRange     '1.5.1',
249 silly addNameRange     '1.5.2',
249 silly addNameRange     '1.6.0',
249 silly addNameRange     '1.5.3',
249 silly addNameRange     '1.6.1',
249 silly addNameRange     '1.6.2',
249 silly addNameRange     '1.7.0',
249 silly addNameRange     '1.8.0',
249 silly addNameRange     '1.8.1',
249 silly addNameRange     '1.8.2',
249 silly addNameRange     '1.8.3',
249 silly addNameRange     '1.8.4',
249 silly addNameRange     '1.9.0',
249 silly addNameRange     '2.0.0',
249 silly addNameRange     '2.0.1',
249 silly addNameRange     '2.0.2',
249 silly addNameRange     '2.0.3',
249 silly addNameRange     '2.0.4',
249 silly addNameRange     '2.0.5',
249 silly addNameRange     '2.0.6',
249 silly addNameRange     '2.0.7',
249 silly addNameRange     '2.0.8',
249 silly addNameRange     '2.0.9',
249 silly addNameRange     '2.1.0',
249 silly addNameRange     '2.2.0' ] ]
250 silly addNamed nan@2.2.0
251 verbose addNamed "2.2.0" is a plain semver version for nan
252 silly cache afterAdd nan@2.2.0
253 verbose afterAdd C:\Users\Olivier\AppData\Roaming\npm-cache\nan\2.2.0\package\package.json not in flight; writing
254 verbose afterAdd C:\Users\Olivier\AppData\Roaming\npm-cache\nan\2.2.0\package\package.json written
255 silly loadAllDepsIntoIdealTree Finishing
256 silly idealTree:prePrune nameless@0.1.0
256 silly idealTree:prePrune ├─┬ accepts@1.2.13
256 silly idealTree:prePrune │ ├── mime-db@1.21.0
256 silly idealTree:prePrune │ └── mime-types@2.1.9
256 silly idealTree:prePrune ├── after@0.8.1
256 silly idealTree:prePrune ├── append-field@0.1.0
256 silly idealTree:prePrune ├── array-flatten@1.1.1
256 silly idealTree:prePrune ├── arraybuffer.slice@0.0.6
256 silly idealTree:prePrune ├── backo2@1.0.2
256 silly idealTree:prePrune ├── base64-arraybuffer@0.1.2
256 silly idealTree:prePrune ├── base64-url@1.2.1
256 silly idealTree:prePrune ├── base64id@0.1.0
256 silly idealTree:prePrune ├── benchmark@1.0.0
256 silly idealTree:prePrune ├── better-assert@1.0.2
256 silly idealTree:prePrune ├── bignumber.js@2.1.4
256 silly idealTree:prePrune ├── bindings@1.2.1
256 silly idealTree:prePrune ├── blob@0.0.4
256 silly idealTree:prePrune ├── body-parser@1.10.2
256 silly idealTree:prePrune ├── busboy@0.2.12
256 silly idealTree:prePrune ├── bytes@1.0.0
256 silly idealTree:prePrune ├── callsite@1.0.0
256 silly idealTree:prePrune ├── component-bind@1.0.0
256 silly idealTree:prePrune ├── component-emitter@1.1.2
256 silly idealTree:prePrune ├── component-inherit@0.0.3
256 silly idealTree:prePrune ├─┬ concat-stream@1.5.1
256 silly idealTree:prePrune │ └── readable-stream@2.0.5
256 silly idealTree:prePrune ├── content-disposition@0.5.1
256 silly idealTree:prePrune ├── content-type@1.0.1
256 silly idealTree:prePrune ├── cookie-session@1.1.0
256 silly idealTree:prePrune ├── cookie-signature@1.0.6
256 silly idealTree:prePrune ├── cookie@0.1.5
256 silly idealTree:prePrune ├── cookies@0.5.0
256 silly idealTree:prePrune ├── core-util-is@1.0.2
256 silly idealTree:prePrune ├── cors@2.7.1
256 silly idealTree:prePrune ├── crc@3.4.0
256 silly idealTree:prePrune ├── debug@2.1.3
256 silly idealTree:prePrune ├── depd@1.0.1
256 silly idealTree:prePrune ├── destroy@1.0.4
256 silly idealTree:prePrune ├── dicer@0.2.5
256 silly idealTree:prePrune ├── ee-first@1.1.0
256 silly idealTree:prePrune ├─┬ engine.io-client@1.6.8
256 silly idealTree:prePrune │ ├── debug@2.2.0
256 silly idealTree:prePrune │ └── ms@0.7.1
256 silly idealTree:prePrune ├─┬ engine.io-parser@1.2.4
256 silly idealTree:prePrune │ └── has-binary@0.1.6
256 silly idealTree:prePrune ├─┬ engine.io@1.6.8
256 silly idealTree:prePrune │ ├── accepts@1.1.4
256 silly idealTree:prePrune │ ├── debug@2.2.0
256 silly idealTree:prePrune │ ├── ms@0.7.1
256 silly idealTree:prePrune │ └── negotiator@0.4.9
256 silly idealTree:prePrune ├── ent@2.2.0
256 silly idealTree:prePrune ├── escape-html@1.0.3
256 silly idealTree:prePrune ├── etag@1.7.0
256 silly idealTree:prePrune ├─┬ express-session@1.13.0
256 silly idealTree:prePrune │ ├── cookie@0.2.3
256 silly idealTree:prePrune │ ├── debug@2.2.0
256 silly idealTree:prePrune │ ├── depd@1.1.0
256 silly idealTree:prePrune │ ├── ms@0.7.1
256 silly idealTree:prePrune │ └── uid-safe@2.0.0
256 silly idealTree:prePrune ├─┬ express@4.13.4
256 silly idealTree:prePrune │ ├── debug@2.2.0
256 silly idealTree:prePrune │ ├── depd@1.1.0
256 silly idealTree:prePrune │ ├── ee-first@1.1.1
256 silly idealTree:prePrune │ ├── mime-db@1.21.0
256 silly idealTree:prePrune │ ├── mime-types@2.1.9
256 silly idealTree:prePrune │ ├── ms@0.7.1
256 silly idealTree:prePrune │ ├── on-finished@2.3.0
256 silly idealTree:prePrune │ ├── qs@4.0.0
256 silly idealTree:prePrune │ └── type-is@1.6.11
256 silly idealTree:prePrune ├─┬ finalhandler@0.4.1
256 silly idealTree:prePrune │ ├── debug@2.2.0
256 silly idealTree:prePrune │ ├── ee-first@1.1.1
256 silly idealTree:prePrune │ ├── ms@0.7.1
256 silly idealTree:prePrune │ └── on-finished@2.3.0
256 silly idealTree:prePrune ├── forwarded@0.1.0
256 silly idealTree:prePrune ├── fresh@0.3.0
256 silly idealTree:prePrune ├── has-binary@0.1.7
256 silly idealTree:prePrune ├── has-cors@1.1.0
256 silly idealTree:prePrune ├── http-errors@1.3.1
256 silly idealTree:prePrune ├── iconv-lite@0.4.6
256 silly idealTree:prePrune ├── indexof@0.0.1
256 silly idealTree:prePrune ├── inherits@2.0.1
256 silly idealTree:prePrune ├── ipaddr.js@1.0.5
256 silly idealTree:prePrune ├── isarray@0.0.1
256 silly idealTree:prePrune ├── json3@3.2.6
256 silly idealTree:prePrune ├── keygrip@1.0.1
256 silly idealTree:prePrune ├── lodash@4.2.1
256 silly idealTree:prePrune ├── media-typer@0.3.0
256 silly idealTree:prePrune ├── merge-descriptors@1.0.1
256 silly idealTree:prePrune ├── methods@1.1.2
256 silly idealTree:prePrune ├── mime-db@1.12.0
256 silly idealTree:prePrune ├── mime-types@2.0.14
256 silly idealTree:prePrune ├── mime@1.3.4
256 silly idealTree:prePrune ├── minimist@0.0.8
256 silly idealTree:prePrune ├── mkdirp@0.5.1
256 silly idealTree:prePrune ├── ms@0.7.0
256 silly idealTree:prePrune ├─┬ multer@1.1.0
256 silly idealTree:prePrune │ ├── ee-first@1.1.1
256 silly idealTree:prePrune │ ├── mime-db@1.22.0
256 silly idealTree:prePrune │ ├── mime-types@2.1.10
256 silly idealTree:prePrune │ ├── on-finished@2.3.0
256 silly idealTree:prePrune │ └── type-is@1.6.11
256 silly idealTree:prePrune ├── mysql@2.10.2
256 silly idealTree:prePrune ├── nan@2.2.0
256 silly idealTree:prePrune ├── negotiator@0.5.3
256 silly idealTree:prePrune ├── object-assign@3.0.0
256 silly idealTree:prePrune ├── object-component@0.0.3
256 silly idealTree:prePrune ├── on-finished@2.2.1
256 silly idealTree:prePrune ├── on-headers@1.0.1
256 silly idealTree:prePrune ├── options@0.0.6
256 silly idealTree:prePrune ├── parsejson@0.0.1
256 silly idealTree:prePrune ├── parseqs@0.0.2
256 silly idealTree:prePrune ├── parseuri@0.0.4
256 silly idealTree:prePrune ├── parseurl@1.3.1
256 silly idealTree:prePrune ├── path-to-regexp@0.1.7
256 silly idealTree:prePrune ├── process-nextick-args@1.0.6
256 silly idealTree:prePrune ├── proxy-addr@1.0.10
256 silly idealTree:prePrune ├── qs@2.3.3
256 silly idealTree:prePrune ├── range-parser@1.0.3
256 silly idealTree:prePrune ├── raw-body@1.3.2
256 silly idealTree:prePrune ├── readable-stream@1.1.13
256 silly idealTree:prePrune ├─┬ send@0.13.1
256 silly idealTree:prePrune │ ├── debug@2.2.0
256 silly idealTree:prePrune │ ├── depd@1.1.0
256 silly idealTree:prePrune │ ├── ee-first@1.1.1
256 silly idealTree:prePrune │ ├── ms@0.7.1
256 silly idealTree:prePrune │ └── on-finished@2.3.0
256 silly idealTree:prePrune ├── serve-static@1.10.2
256 silly idealTree:prePrune ├─┬ socket.io-adapter@0.4.0
256 silly idealTree:prePrune │ ├── debug@2.2.0
256 silly idealTree:prePrune │ ├── ms@0.7.1
256 silly idealTree:prePrune │ └─┬ socket.io-parser@2.2.2
256 silly idealTree:prePrune │   └── debug@0.7.4
256 silly idealTree:prePrune ├─┬ socket.io-client@1.4.5
256 silly idealTree:prePrune │ ├── component-emitter@1.2.0
256 silly idealTree:prePrune │ ├── debug@2.2.0
256 silly idealTree:prePrune │ └── ms@0.7.1
256 silly idealTree:prePrune ├─┬ socket.io-parser@2.2.6
256 silly idealTree:prePrune │ ├── debug@2.2.0
256 silly idealTree:prePrune │ ├── json3@3.3.2
256 silly idealTree:prePrune │ └── ms@0.7.1
256 silly idealTree:prePrune ├─┬ socket.io@1.4.5
256 silly idealTree:prePrune │ ├── debug@2.2.0
256 silly idealTree:prePrune │ └── ms@0.7.1
256 silly idealTree:prePrune ├── statuses@1.2.1
256 silly idealTree:prePrune ├── streamsearch@0.1.2
256 silly idealTree:prePrune ├── string_decoder@0.10.31
256 silly idealTree:prePrune ├── to-array@0.1.4
256 silly idealTree:prePrune ├── type-is@1.5.7
256 silly idealTree:prePrune ├── typedarray@0.0.6
256 silly idealTree:prePrune ├── ultron@1.0.2
256 silly idealTree:prePrune ├── unpipe@1.0.0
256 silly idealTree:prePrune ├── ursa@0.9.1
256 silly idealTree:prePrune ├── utf8@2.1.0
256 silly idealTree:prePrune ├── util-deprecate@1.0.2
256 silly idealTree:prePrune ├── utils-merge@1.0.0
256 silly idealTree:prePrune ├── vary@1.0.1
256 silly idealTree:prePrune ├── ws@1.0.1
256 silly idealTree:prePrune ├── xmlhttprequest-ssl@1.5.1
256 silly idealTree:prePrune ├── xtend@4.0.1
256 silly idealTree:prePrune └── yeast@0.1.2
257 silly loadIdealTree Finishing
258 silly currentTree nameless@0.1.0
258 silly currentTree ├─┬ accepts@1.2.13
258 silly currentTree │ ├── mime-db@1.21.0
258 silly currentTree │ └── mime-types@2.1.9
258 silly currentTree ├── after@0.8.1
258 silly currentTree ├── append-field@0.1.0
258 silly currentTree ├── array-flatten@1.1.1
258 silly currentTree ├── arraybuffer.slice@0.0.6
258 silly currentTree ├── backo2@1.0.2
258 silly currentTree ├── base64-arraybuffer@0.1.2
258 silly currentTree ├── base64-url@1.2.1
258 silly currentTree ├── base64id@0.1.0
258 silly currentTree ├── benchmark@1.0.0
258 silly currentTree ├── better-assert@1.0.2
258 silly currentTree ├── bignumber.js@2.1.4
258 silly currentTree ├── blob@0.0.4
258 silly currentTree ├── body-parser@1.10.2
258 silly currentTree ├── busboy@0.2.12
258 silly currentTree ├── bytes@1.0.0
258 silly currentTree ├── callsite@1.0.0
258 silly currentTree ├── component-bind@1.0.0
258 silly currentTree ├── component-emitter@1.1.2
258 silly currentTree ├── component-inherit@0.0.3
258 silly currentTree ├─┬ concat-stream@1.5.1
258 silly currentTree │ └── readable-stream@2.0.5
258 silly currentTree ├── content-disposition@0.5.1
258 silly currentTree ├── content-type@1.0.1
258 silly currentTree ├── cookie-session@1.1.0
258 silly currentTree ├── cookie-signature@1.0.6
258 silly currentTree ├── cookie@0.1.5
258 silly currentTree ├── cookies@0.5.0
258 silly currentTree ├── core-util-is@1.0.2
258 silly currentTree ├── cors@2.7.1
258 silly currentTree ├── crc@3.4.0
258 silly currentTree ├── debug@2.1.3
258 silly currentTree ├── depd@1.0.1
258 silly currentTree ├── destroy@1.0.4
258 silly currentTree ├── dicer@0.2.5
258 silly currentTree ├── ee-first@1.1.0
258 silly currentTree ├─┬ engine.io-client@1.6.8
258 silly currentTree │ ├── debug@2.2.0
258 silly currentTree │ └── ms@0.7.1
258 silly currentTree ├─┬ engine.io-parser@1.2.4
258 silly currentTree │ └── has-binary@0.1.6
258 silly currentTree ├─┬ engine.io@1.6.8
258 silly currentTree │ ├── accepts@1.1.4
258 silly currentTree │ ├── debug@2.2.0
258 silly currentTree │ ├── ms@0.7.1
258 silly currentTree │ └── negotiator@0.4.9
258 silly currentTree ├── ent@2.2.0
258 silly currentTree ├── escape-html@1.0.3
258 silly currentTree ├── etag@1.7.0
258 silly currentTree ├─┬ express-session@1.13.0
258 silly currentTree │ ├── cookie@0.2.3
258 silly currentTree │ ├── debug@2.2.0
258 silly currentTree │ ├── depd@1.1.0
258 silly currentTree │ ├── ms@0.7.1
258 silly currentTree │ └── uid-safe@2.0.0
258 silly currentTree ├─┬ express@4.13.4
258 silly currentTree │ ├── debug@2.2.0
258 silly currentTree │ ├── depd@1.1.0
258 silly currentTree │ ├── ee-first@1.1.1
258 silly currentTree │ ├── mime-db@1.21.0
258 silly currentTree │ ├── mime-types@2.1.9
258 silly currentTree │ ├── ms@0.7.1
258 silly currentTree │ ├── on-finished@2.3.0
258 silly currentTree │ ├── qs@4.0.0
258 silly currentTree │ └── type-is@1.6.11
258 silly currentTree ├─┬ finalhandler@0.4.1
258 silly currentTree │ ├── debug@2.2.0
258 silly currentTree │ ├── ee-first@1.1.1
258 silly currentTree │ ├── ms@0.7.1
258 silly currentTree │ └── on-finished@2.3.0
258 silly currentTree ├── forwarded@0.1.0
258 silly currentTree ├── fresh@0.3.0
258 silly currentTree ├── has-binary@0.1.7
258 silly currentTree ├── has-cors@1.1.0
258 silly currentTree ├── http-errors@1.3.1
258 silly currentTree ├── iconv-lite@0.4.6
258 silly currentTree ├── indexof@0.0.1
258 silly currentTree ├── inherits@2.0.1
258 silly currentTree ├── ipaddr.js@1.0.5
258 silly currentTree ├── isarray@0.0.1
258 silly currentTree ├── json3@3.2.6
258 silly currentTree ├── keygrip@1.0.1
258 silly currentTree ├── lodash@4.2.1
258 silly currentTree ├── media-typer@0.3.0
258 silly currentTree ├── merge-descriptors@1.0.1
258 silly currentTree ├── methods@1.1.2
258 silly currentTree ├── mime-db@1.12.0
258 silly currentTree ├── mime-types@2.0.14
258 silly currentTree ├── mime@1.3.4
258 silly currentTree ├── minimist@0.0.8
258 silly currentTree ├── mkdirp@0.5.1
258 silly currentTree ├── ms@0.7.0
258 silly currentTree ├─┬ multer@1.1.0
258 silly currentTree │ ├── ee-first@1.1.1
258 silly currentTree │ ├── mime-db@1.22.0
258 silly currentTree │ ├── mime-types@2.1.10
258 silly currentTree │ ├── on-finished@2.3.0
258 silly currentTree │ └── type-is@1.6.11
258 silly currentTree ├── mysql@2.10.2
258 silly currentTree ├── negotiator@0.5.3
258 silly currentTree ├── object-assign@3.0.0
258 silly currentTree ├── object-component@0.0.3
258 silly currentTree ├── on-finished@2.2.1
258 silly currentTree ├── on-headers@1.0.1
258 silly currentTree ├── options@0.0.6
258 silly currentTree ├── parsejson@0.0.1
258 silly currentTree ├── parseqs@0.0.2
258 silly currentTree ├── parseuri@0.0.4
258 silly currentTree ├── parseurl@1.3.1
258 silly currentTree ├── path-to-regexp@0.1.7
258 silly currentTree ├── process-nextick-args@1.0.6
258 silly currentTree ├── proxy-addr@1.0.10
258 silly currentTree ├── qs@2.3.3
258 silly currentTree ├── range-parser@1.0.3
258 silly currentTree ├── raw-body@1.3.2
258 silly currentTree ├── readable-stream@1.1.13
258 silly currentTree ├─┬ send@0.13.1
258 silly currentTree │ ├── debug@2.2.0
258 silly currentTree │ ├── depd@1.1.0
258 silly currentTree │ ├── ee-first@1.1.1
258 silly currentTree │ ├── ms@0.7.1
258 silly currentTree │ └── on-finished@2.3.0
258 silly currentTree ├── serve-static@1.10.2
258 silly currentTree ├─┬ socket.io-adapter@0.4.0
258 silly currentTree │ ├── debug@2.2.0
258 silly currentTree │ ├── ms@0.7.1
258 silly currentTree │ └─┬ socket.io-parser@2.2.2
258 silly currentTree │   └── debug@0.7.4
258 silly currentTree ├─┬ socket.io-client@1.4.5
258 silly currentTree │ ├── component-emitter@1.2.0
258 silly currentTree │ ├── debug@2.2.0
258 silly currentTree │ └── ms@0.7.1
258 silly currentTree ├─┬ socket.io-parser@2.2.6
258 silly currentTree │ ├── debug@2.2.0
258 silly currentTree │ ├── json3@3.3.2
258 silly currentTree │ └── ms@0.7.1
258 silly currentTree ├─┬ socket.io@1.4.5
258 silly currentTree │ ├── debug@2.2.0
258 silly currentTree │ └── ms@0.7.1
258 silly currentTree ├── statuses@1.2.1
258 silly currentTree ├── streamsearch@0.1.2
258 silly currentTree ├── string_decoder@0.10.31
258 silly currentTree ├── to-array@0.1.4
258 silly currentTree ├── type-is@1.5.7
258 silly currentTree ├── typedarray@0.0.6
258 silly currentTree ├── ultron@1.0.2
258 silly currentTree ├── unpipe@1.0.0
258 silly currentTree ├── utf8@2.1.0
258 silly currentTree ├── util-deprecate@1.0.2
258 silly currentTree ├── utils-merge@1.0.0
258 silly currentTree ├── vary@1.0.1
258 silly currentTree ├── ws@1.0.1
258 silly currentTree ├── xmlhttprequest-ssl@1.5.1
258 silly currentTree ├── xtend@4.0.1
258 silly currentTree └── yeast@0.1.2
259 silly idealTree nameless@0.1.0
259 silly idealTree ├─┬ accepts@1.2.13
259 silly idealTree │ ├── mime-db@1.21.0
259 silly idealTree │ └── mime-types@2.1.9
259 silly idealTree ├── after@0.8.1
259 silly idealTree ├── append-field@0.1.0
259 silly idealTree ├── array-flatten@1.1.1
259 silly idealTree ├── arraybuffer.slice@0.0.6
259 silly idealTree ├── backo2@1.0.2
259 silly idealTree ├── base64-arraybuffer@0.1.2
259 silly idealTree ├── base64-url@1.2.1
259 silly idealTree ├── base64id@0.1.0
259 silly idealTree ├── benchmark@1.0.0
259 silly idealTree ├── better-assert@1.0.2
259 silly idealTree ├── bignumber.js@2.1.4
259 silly idealTree ├── bindings@1.2.1
259 silly idealTree ├── blob@0.0.4
259 silly idealTree ├── body-parser@1.10.2
259 silly idealTree ├── busboy@0.2.12
259 silly idealTree ├── bytes@1.0.0
259 silly idealTree ├── callsite@1.0.0
259 silly idealTree ├── component-bind@1.0.0
259 silly idealTree ├── component-emitter@1.1.2
259 silly idealTree ├── component-inherit@0.0.3
259 silly idealTree ├─┬ concat-stream@1.5.1
259 silly idealTree │ └── readable-stream@2.0.5
259 silly idealTree ├── content-disposition@0.5.1
259 silly idealTree ├── content-type@1.0.1
259 silly idealTree ├── cookie-session@1.1.0
259 silly idealTree ├── cookie-signature@1.0.6
259 silly idealTree ├── cookie@0.1.5
259 silly idealTree ├── cookies@0.5.0
259 silly idealTree ├── core-util-is@1.0.2
259 silly idealTree ├── cors@2.7.1
259 silly idealTree ├── crc@3.4.0
259 silly idealTree ├── debug@2.1.3
259 silly idealTree ├── depd@1.0.1
259 silly idealTree ├── destroy@1.0.4
259 silly idealTree ├── dicer@0.2.5
259 silly idealTree ├── ee-first@1.1.0
259 silly idealTree ├─┬ engine.io-client@1.6.8
259 silly idealTree │ ├── debug@2.2.0
259 silly idealTree │ └── ms@0.7.1
259 silly idealTree ├─┬ engine.io-parser@1.2.4
259 silly idealTree │ └── has-binary@0.1.6
259 silly idealTree ├─┬ engine.io@1.6.8
259 silly idealTree │ ├── accepts@1.1.4
259 silly idealTree │ ├── debug@2.2.0
259 silly idealTree │ ├── ms@0.7.1
259 silly idealTree │ └── negotiator@0.4.9
259 silly idealTree ├── ent@2.2.0
259 silly idealTree ├── escape-html@1.0.3
259 silly idealTree ├── etag@1.7.0
259 silly idealTree ├─┬ express-session@1.13.0
259 silly idealTree │ ├── cookie@0.2.3
259 silly idealTree │ ├── debug@2.2.0
259 silly idealTree │ ├── depd@1.1.0
259 silly idealTree │ ├── ms@0.7.1
259 silly idealTree │ └── uid-safe@2.0.0
259 silly idealTree ├─┬ express@4.13.4
259 silly idealTree │ ├── debug@2.2.0
259 silly idealTree │ ├── depd@1.1.0
259 silly idealTree │ ├── ee-first@1.1.1
259 silly idealTree │ ├── mime-db@1.21.0
259 silly idealTree │ ├── mime-types@2.1.9
259 silly idealTree │ ├── ms@0.7.1
259 silly idealTree │ ├── on-finished@2.3.0
259 silly idealTree │ ├── qs@4.0.0
259 silly idealTree │ └── type-is@1.6.11
259 silly idealTree ├─┬ finalhandler@0.4.1
259 silly idealTree │ ├── debug@2.2.0
259 silly idealTree │ ├── ee-first@1.1.1
259 silly idealTree │ ├── ms@0.7.1
259 silly idealTree │ └── on-finished@2.3.0
259 silly idealTree ├── forwarded@0.1.0
259 silly idealTree ├── fresh@0.3.0
259 silly idealTree ├── has-binary@0.1.7
259 silly idealTree ├── has-cors@1.1.0
259 silly idealTree ├── http-errors@1.3.1
259 silly idealTree ├── iconv-lite@0.4.6
259 silly idealTree ├── indexof@0.0.1
259 silly idealTree ├── inherits@2.0.1
259 silly idealTree ├── ipaddr.js@1.0.5
259 silly idealTree ├── isarray@0.0.1
259 silly idealTree ├── json3@3.2.6
259 silly idealTree ├── keygrip@1.0.1
259 silly idealTree ├── lodash@4.2.1
259 silly idealTree ├── media-typer@0.3.0
259 silly idealTree ├── merge-descriptors@1.0.1
259 silly idealTree ├── methods@1.1.2
259 silly idealTree ├── mime-db@1.12.0
259 silly idealTree ├── mime-types@2.0.14
259 silly idealTree ├── mime@1.3.4
259 silly idealTree ├── minimist@0.0.8
259 silly idealTree ├── mkdirp@0.5.1
259 silly idealTree ├── ms@0.7.0
259 silly idealTree ├─┬ multer@1.1.0
259 silly idealTree │ ├── ee-first@1.1.1
259 silly idealTree │ ├── mime-db@1.22.0
259 silly idealTree │ ├── mime-types@2.1.10
259 silly idealTree │ ├── on-finished@2.3.0
259 silly idealTree │ └── type-is@1.6.11
259 silly idealTree ├── mysql@2.10.2
259 silly idealTree ├── nan@2.2.0
259 silly idealTree ├── negotiator@0.5.3
259 silly idealTree ├── object-assign@3.0.0
259 silly idealTree ├── object-component@0.0.3
259 silly idealTree ├── on-finished@2.2.1
259 silly idealTree ├── on-headers@1.0.1
259 silly idealTree ├── options@0.0.6
259 silly idealTree ├── parsejson@0.0.1
259 silly idealTree ├── parseqs@0.0.2
259 silly idealTree ├── parseuri@0.0.4
259 silly idealTree ├── parseurl@1.3.1
259 silly idealTree ├── path-to-regexp@0.1.7
259 silly idealTree ├── process-nextick-args@1.0.6
259 silly idealTree ├── proxy-addr@1.0.10
259 silly idealTree ├── qs@2.3.3
259 silly idealTree ├── range-parser@1.0.3
259 silly idealTree ├── raw-body@1.3.2
259 silly idealTree ├── readable-stream@1.1.13
259 silly idealTree ├─┬ send@0.13.1
259 silly idealTree │ ├── debug@2.2.0
259 silly idealTree │ ├── depd@1.1.0
259 silly idealTree │ ├── ee-first@1.1.1
259 silly idealTree │ ├── ms@0.7.1
259 silly idealTree │ └── on-finished@2.3.0
259 silly idealTree ├── serve-static@1.10.2
259 silly idealTree ├─┬ socket.io-adapter@0.4.0
259 silly idealTree │ ├── debug@2.2.0
259 silly idealTree │ ├── ms@0.7.1
259 silly idealTree │ └─┬ socket.io-parser@2.2.2
259 silly idealTree │   └── debug@0.7.4
259 silly idealTree ├─┬ socket.io-client@1.4.5
259 silly idealTree │ ├── component-emitter@1.2.0
259 silly idealTree │ ├── debug@2.2.0
259 silly idealTree │ └── ms@0.7.1
259 silly idealTree ├─┬ socket.io-parser@2.2.6
259 silly idealTree │ ├── debug@2.2.0
259 silly idealTree │ ├── json3@3.3.2
259 silly idealTree │ └── ms@0.7.1
259 silly idealTree ├─┬ socket.io@1.4.5
259 silly idealTree │ ├── debug@2.2.0
259 silly idealTree │ └── ms@0.7.1
259 silly idealTree ├── statuses@1.2.1
259 silly idealTree ├── streamsearch@0.1.2
259 silly idealTree ├── string_decoder@0.10.31
259 silly idealTree ├── to-array@0.1.4
259 silly idealTree ├── type-is@1.5.7
259 silly idealTree ├── typedarray@0.0.6
259 silly idealTree ├── ultron@1.0.2
259 silly idealTree ├── unpipe@1.0.0
259 silly idealTree ├── ursa@0.9.1
259 silly idealTree ├── utf8@2.1.0
259 silly idealTree ├── util-deprecate@1.0.2
259 silly idealTree ├── utils-merge@1.0.0
259 silly idealTree ├── vary@1.0.1
259 silly idealTree ├── ws@1.0.1
259 silly idealTree ├── xmlhttprequest-ssl@1.5.1
259 silly idealTree ├── xtend@4.0.1
259 silly idealTree └── yeast@0.1.2
260 silly generateActionsToTake Starting
261 silly install generateActionsToTake
262 silly generateActionsToTake Finishing
263 silly diffTrees action count 3
264 silly diffTrees add bindings@1.2.1
265 silly diffTrees add nan@2.2.0
266 silly diffTrees add ursa@0.9.1
267 silly decomposeActions action count 24
268 silly decomposeActions fetch bindings@1.2.1
269 silly decomposeActions extract bindings@1.2.1
270 silly decomposeActions preinstall bindings@1.2.1
271 silly decomposeActions build bindings@1.2.1
272 silly decomposeActions install bindings@1.2.1
273 silly decomposeActions postinstall bindings@1.2.1
274 silly decomposeActions test bindings@1.2.1
275 silly decomposeActions finalize bindings@1.2.1
276 silly decomposeActions fetch nan@2.2.0
277 silly decomposeActions extract nan@2.2.0
278 silly decomposeActions preinstall nan@2.2.0
279 silly decomposeActions build nan@2.2.0
280 silly decomposeActions install nan@2.2.0
281 silly decomposeActions postinstall nan@2.2.0
282 silly decomposeActions test nan@2.2.0
283 silly decomposeActions finalize nan@2.2.0
284 silly decomposeActions fetch ursa@0.9.1
285 silly decomposeActions extract ursa@0.9.1
286 silly decomposeActions preinstall ursa@0.9.1
287 silly decomposeActions build ursa@0.9.1
288 silly decomposeActions install ursa@0.9.1
289 silly decomposeActions postinstall ursa@0.9.1
290 silly decomposeActions test ursa@0.9.1
291 silly decomposeActions finalize ursa@0.9.1
292 silly executeActions Starting
293 silly install executeActions
294 silly doSerial global-install 0
295 silly doParallel fetch 3
296 verbose lock using C:\Users\Olivier\AppData\Roaming\npm-cache\_locks\staging-8f613719a15e864b.lock for D:\node\nameless\node_modules\.staging
297 silly doParallel extract 3
298 silly extract bindings
299 silly extract nan
300 silly extract ursa
301 verbose unbuild node_modules\.staging\bindings-e850cf4eca6ce1ddd0b6dd7abe38805c
302 verbose unbuild node_modules\.staging\nan-1e9c15ea8e353a01ab8a1976339c9c8b
303 verbose unbuild node_modules\.staging\ursa-35ee1259528390342829fe6ea19bbb7e
304 silly gentlyRm D:\node\nameless\node_modules\.staging\bindings-e850cf4eca6ce1ddd0b6dd7abe38805c is being purged from base D:\node\nameless
305 silly gentlyRm D:\node\nameless\node_modules\.staging\nan-1e9c15ea8e353a01ab8a1976339c9c8b is being purged from base D:\node\nameless
306 silly gentlyRm D:\node\nameless\node_modules\.staging\ursa-35ee1259528390342829fe6ea19bbb7e is being purged from base D:\node\nameless
307 verbose gentlyRm don't care about contents; nuking D:\node\nameless\node_modules\.staging\bindings-e850cf4eca6ce1ddd0b6dd7abe38805c
308 verbose gentlyRm don't care about contents; nuking D:\node\nameless\node_modules\.staging\nan-1e9c15ea8e353a01ab8a1976339c9c8b
309 verbose gentlyRm don't care about contents; nuking D:\node\nameless\node_modules\.staging\ursa-35ee1259528390342829fe6ea19bbb7e
310 verbose tar unpack C:\Users\Olivier\AppData\Roaming\npm-cache\bindings\1.2.1\package.tgz
311 verbose tar unpacking to D:\node\nameless\node_modules\.staging\bindings-e850cf4eca6ce1ddd0b6dd7abe38805c
312 silly gentlyRm D:\node\nameless\node_modules\.staging\bindings-e850cf4eca6ce1ddd0b6dd7abe38805c is being purged
313 verbose tar unpack C:\Users\Olivier\AppData\Roaming\npm-cache\nan\2.2.0\package.tgz
314 verbose tar unpacking to D:\node\nameless\node_modules\.staging\nan-1e9c15ea8e353a01ab8a1976339c9c8b
315 silly gentlyRm D:\node\nameless\node_modules\.staging\nan-1e9c15ea8e353a01ab8a1976339c9c8b is being purged
316 verbose tar unpack C:\Users\Olivier\AppData\Roaming\npm-cache\ursa\0.9.1\package.tgz
317 verbose tar unpacking to D:\node\nameless\node_modules\.staging\ursa-35ee1259528390342829fe6ea19bbb7e
318 silly gentlyRm D:\node\nameless\node_modules\.staging\ursa-35ee1259528390342829fe6ea19bbb7e is being purged
319 verbose gentlyRm don't care about contents; nuking D:\node\nameless\node_modules\.staging\bindings-e850cf4eca6ce1ddd0b6dd7abe38805c
320 verbose gentlyRm don't care about contents; nuking D:\node\nameless\node_modules\.staging\nan-1e9c15ea8e353a01ab8a1976339c9c8b
321 verbose gentlyRm don't care about contents; nuking D:\node\nameless\node_modules\.staging\ursa-35ee1259528390342829fe6ea19bbb7e
322 silly gunzTarPerm modes [ '777', '666' ]
323 silly gunzTarPerm modes [ '777', '666' ]
324 silly gunzTarPerm modes [ '777', '666' ]
325 silly gunzTarPerm extractEntry package.json
326 silly gunzTarPerm modified mode [ 'package.json', 420, 438 ]
327 silly gunzTarPerm extractEntry package.json
328 silly gunzTarPerm modified mode [ 'package.json', 436, 438 ]
329 silly gunzTarPerm extractEntry package.json
330 silly gunzTarPerm modified mode [ 'package.json', 420, 438 ]
331 silly gunzTarPerm extractEntry README.md
332 silly gunzTarPerm modified mode [ 'README.md', 420, 438 ]
333 silly gunzTarPerm extractEntry bindings.js
334 silly gunzTarPerm modified mode [ 'bindings.js', 420, 438 ]
335 silly gunzTarPerm extractEntry README.md
336 silly gunzTarPerm modified mode [ 'README.md', 436, 438 ]
337 silly gunzTarPerm extractEntry include_dirs.js
338 silly gunzTarPerm modified mode [ 'include_dirs.js', 436, 438 ]
339 silly gunzTarPerm extractEntry .npmignore
340 silly gunzTarPerm modified mode [ '.npmignore', 420, 438 ]
341 silly gunzTarPerm extractEntry README.md
342 silly gunzTarPerm modified mode [ 'README.md', 420, 438 ]
343 silly gunzTarPerm extractEntry binding.gyp
344 silly gunzTarPerm modified mode [ 'binding.gyp', 420, 438 ]
345 silly gunzTarPerm extractEntry nan_converters.h
346 silly gunzTarPerm modified mode [ 'nan_converters.h', 436, 438 ]
347 silly gunzTarPerm extractEntry LICENSE.md
348 silly gunzTarPerm modified mode [ 'LICENSE.md', 436, 438 ]
349 silly gunzTarPerm extractEntry .dntrc
350 silly gunzTarPerm modified mode [ '.dntrc', 436, 438 ]
351 silly gunzTarPerm extractEntry appveyor.yml
352 silly gunzTarPerm modified mode [ 'appveyor.yml', 436, 438 ]
353 silly gunzTarPerm extractEntry .travis.yml
354 silly gunzTarPerm modified mode [ '.travis.yml', 420, 438 ]
355 silly gunzTarPerm extractEntry lib/ursa.js
356 silly gunzTarPerm modified mode [ 'lib/ursa.js', 420, 438 ]
357 silly gunzTarPerm extractEntry src/asprintf.cc
358 silly gunzTarPerm modified mode [ 'src/asprintf.cc', 420, 438 ]
359 silly gunzTarPerm extractEntry src/asprintf.h
360 silly gunzTarPerm modified mode [ 'src/asprintf.h', 420, 438 ]
361 silly gunzTarPerm extractEntry doc/new.md
362 silly gunzTarPerm modified mode [ 'doc/new.md', 436, 438 ]
363 silly gunzTarPerm extractEntry doc/.build.sh
364 silly gunzTarPerm modified mode [ 'doc/.build.sh', 509, 511 ]
365 silly gunzTarPerm extractEntry doc/buffers.md
366 silly gunzTarPerm modified mode [ 'doc/buffers.md', 436, 438 ]
367 silly gunzTarPerm extractEntry doc/callback.md
368 silly gunzTarPerm modified mode [ 'doc/callback.md', 436, 438 ]
369 silly gunzTarPerm extractEntry src/ursaNative.cc
370 silly gunzTarPerm modified mode [ 'src/ursaNative.cc', 420, 438 ]
371 silly gunzTarPerm extractEntry src/ursaNative.h
372 silly gunzTarPerm modified mode [ 'src/ursaNative.h', 420, 438 ]
373 silly gunzTarPerm extractEntry doc/converters.md
374 silly gunzTarPerm modified mode [ 'doc/converters.md', 436, 438 ]
375 silly gunzTarPerm extractEntry doc/errors.md
376 silly gunzTarPerm modified mode [ 'doc/errors.md', 436, 438 ]
377 silly gunzTarPerm extractEntry LICENSE.txt
378 silly gunzTarPerm modified mode [ 'LICENSE.txt', 420, 438 ]
379 silly gunzTarPerm extractEntry test/fixture.js
380 silly gunzTarPerm modified mode [ 'test/fixture.js', 420, 438 ]
381 silly gunzTarPerm extractEntry doc/maybe_types.md
382 silly gunzTarPerm modified mode [ 'doc/maybe_types.md', 436, 438 ]
383 silly gunzTarPerm extractEntry doc/methods.md
384 silly gunzTarPerm modified mode [ 'doc/methods.md', 436, 438 ]
385 silly gunzTarPerm extractEntry doc/asyncworker.md
386 silly gunzTarPerm modified mode [ 'doc/asyncworker.md', 436, 438 ]
387 silly gunzTarPerm extractEntry doc/node_misc.md
388 silly gunzTarPerm modified mode [ 'doc/node_misc.md', 436, 438 ]
389 silly gunzTarPerm extractEntry test/native.js
390 silly gunzTarPerm modified mode [ 'test/native.js', 420, 438 ]
391 silly gunzTarPerm extractEntry test/test.js
392 silly gunzTarPerm modified mode [ 'test/test.js', 420, 438 ]
393 silly gunzTarPerm extractEntry test/blort.pub
394 silly gunzTarPerm modified mode [ 'test/blort.pub', 420, 438 ]
395 silly gunzTarPerm extractEntry test/blort.sshpub
396 silly gunzTarPerm modified mode [ 'test/blort.sshpub', 420, 438 ]
397 silly gunzTarPerm extractEntry doc/object_wrappers.md
398 silly gunzTarPerm modified mode [ 'doc/object_wrappers.md', 436, 438 ]
399 silly gunzTarPerm extractEntry doc/persistent.md
400 silly gunzTarPerm modified mode [ 'doc/persistent.md', 436, 438 ]
401 silly gunzTarPerm extractEntry test/blort-pass.pem
402 silly gunzTarPerm modified mode [ 'test/blort-pass.pem', 420, 438 ]
403 silly gunzTarPerm extractEntry test/another_zorch.pem
404 silly gunzTarPerm modified mode [ 'test/another_zorch.pem', 420, 438 ]
405 silly gunzTarPerm extractEntry doc/scopes.md
406 silly gunzTarPerm modified mode [ 'doc/scopes.md', 436, 438 ]
407 silly gunzTarPerm extractEntry doc/script.md
408 silly gunzTarPerm modified mode [ 'doc/script.md', 436, 438 ]
409 silly gunzTarPerm extractEntry test/pss_tv.pub
410 silly gunzTarPerm modified mode [ 'test/pss_tv.pub', 420, 438 ]
411 silly gunzTarPerm extractEntry test/blort.pem
412 silly gunzTarPerm modified mode [ 'test/blort.pem', 420, 438 ]
413 silly gunzTarPerm extractEntry doc/string_bytes.md
414 silly gunzTarPerm modified mode [ 'doc/string_bytes.md', 436, 438 ]
415 silly gunzTarPerm extractEntry doc/v8_internals.md
416 silly gunzTarPerm modified mode [ 'doc/v8_internals.md', 436, 438 ]
417 silly gunzTarPerm extractEntry test/zorch.pem
418 silly gunzTarPerm modified mode [ 'test/zorch.pem', 420, 438 ]
419 silly gunzTarPerm extractEntry test/zorch.pub
420 silly gunzTarPerm modified mode [ 'test/zorch.pub', 420, 438 ]
421 silly gunzTarPerm extractEntry doc/v8_misc.md
422 silly gunzTarPerm modified mode [ 'doc/v8_misc.md', 436, 438 ]
423 silly gunzTarPerm extractEntry nan.h
424 silly gunzTarPerm modified mode [ 'nan.h', 436, 438 ]
425 silly gunzTarPerm extractEntry nan_callbacks.h
426 silly gunzTarPerm modified mode [ 'nan_callbacks.h', 436, 438 ]
427 silly gunzTarPerm extractEntry nan_callbacks_12_inl.h
428 silly gunzTarPerm modified mode [ 'nan_callbacks_12_inl.h', 436, 438 ]
429 silly gunzTarPerm extractEntry nan_callbacks_pre_12_inl.h
430 silly gunzTarPerm modified mode [ 'nan_callbacks_pre_12_inl.h', 436, 438 ]
431 silly gunzTarPerm extractEntry nan_converters_43_inl.h
432 silly gunzTarPerm modified mode [ 'nan_converters_43_inl.h', 436, 438 ]
433 silly gunzTarPerm extractEntry nan_converters_pre_43_inl.h
434 silly gunzTarPerm modified mode [ 'nan_converters_pre_43_inl.h', 436, 438 ]
435 silly gunzTarPerm extractEntry nan_implementation_12_inl.h
436 silly gunzTarPerm modified mode [ 'nan_implementation_12_inl.h', 436, 438 ]
437 silly gunzTarPerm extractEntry nan_implementation_pre_12_inl.h
438 silly gunzTarPerm modified mode [ 'nan_implementation_pre_12_inl.h', 436, 438 ]
439 silly gunzTarPerm extractEntry nan_maybe_43_inl.h
440 silly gunzTarPerm modified mode [ 'nan_maybe_43_inl.h', 436, 438 ]
441 silly gunzTarPerm extractEntry nan_maybe_pre_43_inl.h
442 silly gunzTarPerm modified mode [ 'nan_maybe_pre_43_inl.h', 436, 438 ]
443 silly gunzTarPerm extractEntry nan_new.h
444 silly gunzTarPerm modified mode [ 'nan_new.h', 436, 438 ]
445 silly gunzTarPerm extractEntry nan_object_wrap.h
446 silly gunzTarPerm modified mode [ 'nan_object_wrap.h', 436, 438 ]
447 silly gunzTarPerm extractEntry nan_persistent_12_inl.h
448 silly gunzTarPerm modified mode [ 'nan_persistent_12_inl.h', 436, 438 ]
449 silly gunzTarPerm extractEntry nan_persistent_pre_12_inl.h
450 silly gunzTarPerm modified mode [ 'nan_persistent_pre_12_inl.h', 436, 438 ]
451 silly gunzTarPerm extractEntry nan_string_bytes.h
452 silly gunzTarPerm modified mode [ 'nan_string_bytes.h', 436, 438 ]
453 silly gunzTarPerm extractEntry nan_typedarray_contents.h
454 silly gunzTarPerm modified mode [ 'nan_typedarray_contents.h', 436, 438 ]
455 silly gunzTarPerm extractEntry nan_weak.h
456 silly gunzTarPerm modified mode [ 'nan_weak.h', 436, 438 ]
457 silly gunzTarPerm extractEntry CHANGELOG.md
458 silly gunzTarPerm modified mode [ 'CHANGELOG.md', 436, 438 ]
459 silly gunzTarPerm extractEntry tools/package.json
460 silly gunzTarPerm modified mode [ 'tools/package.json', 436, 438 ]
461 silly gunzTarPerm extractEntry tools/README.md
462 silly gunzTarPerm modified mode [ 'tools/README.md', 436, 438 ]
463 silly gunzTarPerm extractEntry tools/1to2.js
464 silly gunzTarPerm modified mode [ 'tools/1to2.js', 509, 511 ]
465 silly doParallel preinstall 3
466 silly preinstall bindings D:\node\nameless\node_modules\.staging\bindings-e850cf4eca6ce1ddd0b6dd7abe38805c
467 info lifecycle bindings@1.2.1~preinstall: bindings@1.2.1
468 silly preinstall nan D:\node\nameless\node_modules\.staging\nan-1e9c15ea8e353a01ab8a1976339c9c8b
469 info lifecycle nan@2.2.0~preinstall: nan@2.2.0
470 silly preinstall ursa D:\node\nameless\node_modules\.staging\ursa-35ee1259528390342829fe6ea19bbb7e
471 info lifecycle ursa@0.9.1~preinstall: ursa@0.9.1
472 silly lifecycle bindings@1.2.1~preinstall: no script for preinstall, continuing
473 silly lifecycle nan@2.2.0~preinstall: no script for preinstall, continuing
474 silly lifecycle ursa@0.9.1~preinstall: no script for preinstall, continuing
475 silly doReverseSerial remove 0
476 silly doSerial move 0
477 silly doSerial finalize 3
478 silly finalize D:\node\nameless\node_modules\bindings
479 silly finalize D:\node\nameless\node_modules\nan
480 silly finalize D:\node\nameless\node_modules\ursa
481 silly doSerial build 3
482 silly build bindings
483 info linkStuff bindings@1.2.1
484 silly linkStuff bindings@1.2.1 has D:\node\nameless\node_modules as its parent node_modules
485 verbose linkBins bindings@1.2.1
486 verbose linkMans bindings@1.2.1
487 verbose rebuildBundles bindings@1.2.1
488 silly build nan
489 info linkStuff nan@2.2.0
490 silly linkStuff nan@2.2.0 has D:\node\nameless\node_modules as its parent node_modules
491 verbose linkBins nan@2.2.0
492 verbose linkMans nan@2.2.0
493 verbose rebuildBundles nan@2.2.0
494 silly build ursa
495 info linkStuff ursa@0.9.1
496 silly linkStuff ursa@0.9.1 has D:\node\nameless\node_modules as its parent node_modules
497 verbose linkBins ursa@0.9.1
498 verbose linkMans ursa@0.9.1
499 verbose rebuildBundles ursa@0.9.1
500 silly doSerial global-link 0
501 silly doParallel update-linked 0
502 silly doSerial install 3
503 silly install bindings D:\node\nameless\node_modules\.staging\bindings-e850cf4eca6ce1ddd0b6dd7abe38805c
504 info lifecycle bindings@1.2.1~install: bindings@1.2.1
505 silly lifecycle bindings@1.2.1~install: no script for install, continuing
506 silly install nan D:\node\nameless\node_modules\.staging\nan-1e9c15ea8e353a01ab8a1976339c9c8b
507 info lifecycle nan@2.2.0~install: nan@2.2.0
508 silly lifecycle nan@2.2.0~install: no script for install, continuing
509 silly install ursa D:\node\nameless\node_modules\.staging\ursa-35ee1259528390342829fe6ea19bbb7e
510 info lifecycle ursa@0.9.1~install: ursa@0.9.1
511 verbose lifecycle ursa@0.9.1~install: unsafe-perm in lifecycle true
512 verbose lifecycle ursa@0.9.1~install: PATH: C:\Program Files\nodejs\node_modules\npm\bin\node-gyp-bin;D:\node\nameless\node_modules\ursa\node_modules\.bin;D:\node\nameless\node_modules\.bin;D:\Program\Cmder\bin;D:\Program\Cmder\vendor\git-for-windows\bin;D:\Program\Cmder\vendor\git-for-windows\usr\bin;D:\Program\Cmder\vendor\git-for-windows\share\vim\vim74;D:\Program\Cmder\vendor\conemu-maximus5;D:\Program\Cmder\vendor\conemu-maximus5\ConEmu;C:\ProgramData\Oracle\Java\javapath;C:\WINDOWS\system32;C:\WINDOWS;C:\WINDOWS\System32\Wbem;C:\WINDOWS\System32\WindowsPowerShell\v1.0\;C:\Program Files\nodejs\;C:\Program Files (x86)\Skype\Phone\;C:\Program Files (x86)\Microsoft SQL Server\110\Tools\Binn\ManagementStudio\;C:\Program Files (x86)\Microsoft SQL Server\110\Tools\Binn\;C:\Program Files\Microsoft SQL Server\110\Tools\Binn\;C:\Program Files (x86)\Microsoft SQL Server\110\DTS\Binn\;D:\Program\Ruby22-x64\bin;D:\wamp\bin\php\php5.5.12;C:\Users\Olivier\AppData\Roaming\npm; C:\Program Files\Java\jdk1.8.0_60\bin;C:\Users\Olivier\AppData\Local\Programs\Git\cmd;C:\Program Files\Java\jdk1.8.0_60\bin;D:\Program\cygwin\bin;;D:\Program\Cmder
513 verbose lifecycle ursa@0.9.1~install: CWD: D:\node\nameless\node_modules\ursa
514 silly lifecycle ursa@0.9.1~install: Args: [ '/d /s /c', 'node-gyp rebuild' ]
515 silly lifecycle ursa@0.9.1~install: Returned: code: 1  signal: null
516 info lifecycle ursa@0.9.1~install: Failed to exec install script
517 verbose unlock done using C:\Users\Olivier\AppData\Roaming\npm-cache\_locks\staging-8f613719a15e864b.lock for D:\node\nameless\node_modules\.staging
518 silly rollbackFailedOptional Starting
519 silly rollbackFailedOptional Finishing
520 silly runTopLevelLifecycles Starting
521 silly runTopLevelLifecycles Finishing
522 silly install printInstalled
523 warn EPACKAGEJSON nameless@0.1.0 No repository field.
524 warn EPACKAGEJSON nameless@0.1.0 No license field.
525 verbose stack Error: ursa@0.9.1 install: `node-gyp rebuild`
525 verbose stack Exit status 1
525 verbose stack     at EventEmitter.<anonymous> (C:\Program Files\nodejs\node_modules\npm\lib\utils\lifecycle.js:233:16)
525 verbose stack     at emitTwo (events.js:87:13)
525 verbose stack     at EventEmitter.emit (events.js:172:7)
525 verbose stack     at ChildProcess.<anonymous> (C:\Program Files\nodejs\node_modules\npm\lib\utils\spawn.js:24:14)
525 verbose stack     at emitTwo (events.js:87:13)
525 verbose stack     at ChildProcess.emit (events.js:172:7)
525 verbose stack     at maybeClose (internal/child_process.js:818:16)
525 verbose stack     at Process.ChildProcess._handle.onexit (internal/child_process.js:211:5)
526 verbose pkgid ursa@0.9.1
527 verbose cwd D:\node\nameless
528 error Windows_NT 10.0.10240
529 error argv "C:\\Program Files\\nodejs\\node.exe" "C:\\Program Files\\nodejs\\node_modules\\npm\\bin\\npm-cli.js" "update"
530 error node v5.0.0
531 error npm  v3.3.6
532 error code ELIFECYCLE
533 error ursa@0.9.1 install: `node-gyp rebuild`
533 error Exit status 1
534 error Failed at the ursa@0.9.1 install script 'node-gyp rebuild'.
534 error This is most likely a problem with the ursa package,
534 error not with npm itself.
534 error Tell the author that this fails on your system:
534 error     node-gyp rebuild
534 error You can get their info via:
534 error     npm owner ls ursa
534 error There is likely additional logging output above.
535 verbose exit [ 1, true ]
